[+] Containers:
 |- [+] Container: /Game/Blueprints/Map_Related/FirstPersonMap
 |   |- [+] ActorDescs:
 |   |   |- Guid:0EDB289B45CB7E0977A6DBA74201EE76 BaseClass: NativeClass:/Script/Engine.StaticMeshActor Name:StaticMeshActor_10 Label:SM_Cube6 SpatiallyLoaded:1 Bounds:IsValid=true, Min=(X=2870.000 Y=1880.000 Z=0.000), Max=(X=2970.000 Y=3074.092 Z=400.000) RuntimeGrid:None EditorOnly:0 RuntimeOnly:0 HLODRelevant:1 FolderPath:Playground FolderGuid:6C02BB504B69D1F3D7A624B130C18E5B
 |   |   |- Guid:0F8AC5CA4D77BAF0E868DE9C7C6FF84A BaseClass: NativeClass:/Script/Engine.StaticMeshActor Name:StaticMeshActor_UAID_C4BDE57BA91B16E301_1514541747 Label:Box3 SpatiallyLoaded:1 Bounds:IsValid=true, Min=(X=1222.747 Y=4352.747 Z=390.000), Max=(X=1437.253 Y=4567.253 Z=457.151) RuntimeGrid:None EditorOnly:0 RuntimeOnly:0 HLODRelevant:0
 |   |   |- Guid:1D0BE2B945F894A9B23300AA9C174801 BaseClass:/Game/Blueprints/Enemy/WB_Enemy.WB_Enemy_C NativeClass:/Script/Engine.Character Name:WB_Enemy_C_UAID_C4BDE57BA91B72DB01_1693880488 Label:WB_Enemy2 SpatiallyLoaded:1 Bounds:IsValid=true, Min=(X=2236.000 Y=699.004 Z=195.269), Max=(X=2304.000 Y=780.996 Z=400.731) RuntimeGrid:None EditorOnly:0 RuntimeOnly:0 HLODRelevant:0
 |   |   |- Guid:2631472D468D1122D9410E8253FD2F41 BaseClass: NativeClass:/Script/Engine.StaticMeshActor Name:StaticMeshActor_UAID_C4BDE57BA91B16E301_1568141749 Label:SM_Cube7 SpatiallyLoaded:1 Bounds:IsValid=true, Min=(X=1750.000 Y=2170.000 Z=-50.000), Max=(X=2935.827 Y=3078.307 Z=0.000) RuntimeGrid:None EditorOnly:0 RuntimeOnly:0 HLODRelevant:1 FolderPath:Playground FolderGuid:6C02BB504B69D1F3D7A624B130C18E5B
 |   |   |- Guid:34CF7F3449BF8C1F14E11E865C962F48 BaseClass: NativeClass:/Script/Engine.StaticMeshActor Name:StaticMeshActor_UAID_C4BDE57BA91B1CE301_1213781815 Label:Box5 SpatiallyLoaded:1 Bounds:IsValid=true, Min=(X=622.747 Y=4352.747 Z=390.000), Max=(X=837.253 Y=4567.253 Z=457.151) RuntimeGrid:None EditorOnly:0 RuntimeOnly:0 HLODRelevant:0
 |   |   |- Guid:3BCC3F104D619EEDA2CA50A154624005 BaseClass:/Game/Blueprints/Enemy/WB_Enemy.WB_Enemy_C NativeClass:/Script/Engine.Character Name:WB_Enemy_C_UAID_C4BDE57BA91B16E301_1792758755 Label:WB_Enemy5 SpatiallyLoaded:1 Bounds:IsValid=true, Min=(X=2326.000 Y=2529.004 Z=-4.731), Max=(X=2394.000 Y=2610.996 Z=200.731) RuntimeGrid:None EditorOnly:0 RuntimeOnly:0 HLODRelevant:0
 |   |   |- Guid:46886B934917CF52BE5E9BA9E39FBD59 BaseClass: NativeClass:/Script/Engine.StaticMeshActor Name:StaticMeshActor_UAID_C4BDE57BA91B16E301_1467618745 Label:Box SpatiallyLoaded:1 Bounds:IsValid=true, Min=(X=1452.747 Y=3972.747 Z=42.759), Max=(X=1667.253 Y=4187.253 Z=109.909) RuntimeGrid:None EditorOnly:0 RuntimeOnly:0 HLODRelevant:0
 |   |   |- Guid:5434A0A64F2868FB4FBC9F8555F23DA0 BaseClass:/Game/Blueprints/Enemy/WB_Enemy.WB_Enemy_C NativeClass:/Script/Engine.Character Name:WB_Enemy_C_UAID_C4BDE57BA91B16E301_1787121754 Label:WB_Enemy4 SpatiallyLoaded:1 Bounds:IsValid=true, Min=(X=2326.000 Y=2909.004 Z=-4.731), Max=(X=2394.000 Y=2990.996 Z=200.731) RuntimeGrid:None EditorOnly:0 RuntimeOnly:0 HLODRelevant:0
 |   |   |- Guid:5FE7584649BB6F09265329A6C57CFD0D BaseClass: NativeClass:/Script/Engine.VolumetricCloud Name:VolumetricCloud_0 Label:VolumetricCloud SpatiallyLoaded:0 Bounds:IsValid=true, Min=(X=0.000 Y=0.000 Z=820.000), Max=(X=0.000 Y=0.000 Z=820.000) RuntimeGrid:None EditorOnly:0 RuntimeOnly:0 HLODRelevant:0 FolderPath:Lighting FolderGuid:0BA5F0A04EADB18E70D5B180D08FA34B
 |   |   |- Guid:6066CE7A4E891B3F98E2B5B1E66EE1E1 BaseClass:/Game/Blueprints/Map_Related/WB_WallTrap.WB_WallTrap_C NativeClass:/Script/Engine.Actor Name:WB_door_C_UAID_C4BDE57BA91B6EDC01_1606888840 Label:WB_door2 SpatiallyLoaded:1 Bounds:IsValid=true, Min=(X=1156.000 Y=1614.000 Z=19.429), Max=(X=1844.000 Y=2126.000 Z=220.571) RuntimeGrid:None EditorOnly:0 RuntimeOnly:0 HLODRelevant:0
 |   |   |- Guid:61391D344900612A77DFC3BA3E354907 BaseClass: NativeClass:/Script/Engine.ExponentialHeightFog Name:ExponentialHeightFog_0 Label:ExponentialHeightFog SpatiallyLoaded:0 Bounds:IsValid=true, Min=(X=-5600.000 Y=-50.000 Z=-6850.000), Max=(X=-5600.000 Y=-50.000 Z=-6850.000) RuntimeGrid:None EditorOnly:0 RuntimeOnly:0 HLODRelevant:0 FolderPath:Lighting FolderGuid:0BA5F0A04EADB18E70D5B180D08FA34B
 |   |   |- Guid:6BB9B3AF4760CFA1E21653A2C5D2971A BaseClass: NativeClass:/Script/Engine.StaticMeshActor Name:StaticMeshActor_UAID_C4BDE57BA91B16E301_2055153758 Label:Box4 SpatiallyLoaded:1 Bounds:IsValid=true, Min=(X=1382.747 Y=3087.263 Z=-50.000), Max=(X=1597.253 Y=3512.737 Z=-1.244) RuntimeGrid:None EditorOnly:0 RuntimeOnly:0 HLODRelevant:0
 |   |   |- Guid:6FEFB3BD4EB37B849EF0D4AC80F83855 BaseClass: NativeClass:/Script/Engine.WorldDataLayers Name:WorldDataLayers Label:WorldDataLayers SpatiallyLoaded:0 Bounds:IsValid=true, Min=(X=0.000 Y=0.000 Z=0.000), Max=(X=0.000 Y=0.000 Z=0.000) RuntimeGrid:None EditorOnly:0 RuntimeOnly:0 HLODRelevant:0
 |   |   |- Guid:77B5C2664FBD41A0FE25CDB118AD3365 BaseClass: NativeClass:/Script/Engine.StaticMeshActor Name:StaticMeshActor_UAID_C4BDE57BA91B16E301_1848931757 Label:Cylinder2 SpatiallyLoaded:1 Bounds:IsValid=true, Min=(X=1836.803 Y=2556.803 Z=0.000), Max=(X=2003.197 Y=2723.197 Z=434.983) RuntimeGrid:None EditorOnly:0 RuntimeOnly:0 HLODRelevant:0
 |   |   |- Guid:78CAF7514C7533F30BD2F19A017AAB65 BaseClass: NativeClass:/Script/Engine.StaticMeshActor Name:StaticMeshActor_0 Label:SM_Cube SpatiallyLoaded:1 Bounds:IsValid=true, Min=(X=0.000 Y=800.000 Z=-50.000), Max=(X=1760.717 Y=3088.393 Z=0.000) RuntimeGrid:None EditorOnly:0 RuntimeOnly:0 HLODRelevant:1 FolderPath:Playground FolderGuid:6C02BB504B69D1F3D7A624B130C18E5B
 |   |   |- Guid:7D14F24C4FEAC8F36E0D7CA69CA680FF BaseClass: NativeClass:/Script/Engine.StaticMeshActor Name:StaticMeshActor_UAID_C4BDE57BA91B16E301_1243820743 Label:SM_Cube4 SpatiallyLoaded:1 Bounds:IsValid=true, Min=(X=1750.000 Y=2990.000 Z=0.000), Max=(X=3000.750 Y=3090.000 Z=400.000) RuntimeGrid:None EditorOnly:0 RuntimeOnly:0 HLODRelevant:1 FolderPath:Playground FolderGuid:6C02BB504B69D1F3D7A624B130C18E5B
 |   |   |- Guid:82636DFB499224D215E466A53C353A57 BaseClass: NativeClass:/Script/Engine.StaticMeshActor Name:StaticMeshActor_12 Label:SM_Cube8 SpatiallyLoaded:1 Bounds:IsValid=true, Min=(X=100.000 Y=1580.000 Z=0.000), Max=(X=1233.988 Y=2154.670 Z=416.080) RuntimeGrid:None EditorOnly:0 RuntimeOnly:0 HLODRelevant:1 FolderPath:Block04 FolderGuid:D00C3F324D055BED943FA6B0235C7FA2
 |   |   |- Guid:8382DF344E20E0A6DB513CADFADFE8A9 BaseClass: NativeClass:/Script/Engine.StaticMeshActor Name:StaticMeshActor_UAID_C4BDE57BA91B16E301_1477272746 Label:Box2 SpatiallyLoaded:1 Bounds:IsValid=true, Min=(X=1682.747 Y=4622.747 Z=197.390), Max=(X=1897.253 Y=4837.253 Z=264.541) RuntimeGrid:None EditorOnly:0 RuntimeOnly:0 HLODRelevant:0
 |   |   |- Guid:8559D1384B14F466E8927697A36C1D78 BaseClass: NativeClass:/Script/Engine.StaticMeshActor Name:StaticMeshActor_9 Label:SM_Cube5 SpatiallyLoaded:1 Bounds:IsValid=true, Min=(X=-0.000 Y=800.000 Z=0.000), Max=(X=100.000 Y=3092.529 Z=400.000) RuntimeGrid:None EditorOnly:0 RuntimeOnly:0 HLODRelevant:1 FolderPath:Playground FolderGuid:6C02BB504B69D1F3D7A624B130C18E5B
 |   |   |- Guid:90B7B8D3420C2EABA931D3A6A69DF696 BaseClass: NativeClass:/Script/Engine.StaticMeshActor Name:StaticMeshActor_3 Label:SM_Cube2 SpatiallyLoaded:1 Bounds:IsValid=true, Min=(X=0.000 Y=730.000 Z=0.000), Max=(X=2151.515 Y=830.000 Z=400.000) RuntimeGrid:None EditorOnly:0 RuntimeOnly:0 HLODRelevant:1 FolderPath:Playground FolderGuid:6C02BB504B69D1F3D7A624B130C18E5B
 |   |   |- Guid:91C63FB14CD98AB7B8FBF4873FDE4B43 BaseClass: NativeClass:/Script/Engine.StaticMeshActor Name:StaticMeshActor_42 Label:SM_Ramp5 SpatiallyLoaded:1 Bounds:IsValid=true, Min=(X=1800.000 Y=1900.000 Z=0.000), Max=(X=2900.000 Y=2000.000 Z=200.000) RuntimeGrid:None EditorOnly:0 RuntimeOnly:0 HLODRelevant:1 FolderPath:Block02 FolderGuid:275232DB4A90E8B2799B29BD69C59B9E
 |   |   |- Guid:9C6472824F11E839C21613A6348BAAC1 BaseClass: NativeClass:/Script/Engine.StaticMeshActor Name:StaticMeshActor_UAID_C4BDE57BA91B75DC01_1566161074 Label:SM_Cube16 SpatiallyLoaded:1 Bounds:IsValid=true, Min=(X=1760.000 Y=1880.000 Z=-20.000), Max=(X=2912.276 Y=2255.000 Z=396.080) RuntimeGrid:None EditorOnly:0 RuntimeOnly:0 HLODRelevant:1 FolderPath:Block04 FolderGuid:D00C3F324D055BED943FA6B0235C7FA2
 |   |   |- Guid:A354B1B24E617A525DC6B48CCDE2417E BaseClass: NativeClass:/Script/Engine.PlayerStart Name:PlayerStart_0 Label:PlayerStart SpatiallyLoaded:0 Bounds:IsValid=true, Min=(X=510.000 Y=1190.000 Z=0.013), Max=(X=590.000 Y=1270.000 Z=184.013) RuntimeGrid:None EditorOnly:0 RuntimeOnly:0 HLODRelevant:0
 |   |   |- Guid:C0C56B9644AE3D40CAFF6A878DB29844 BaseClass: NativeClass:/Script/Engine.StaticMeshActor Name:StaticMeshActor_UAID_A4AE111137DC5EFB00_2001720423 Label:SM_SkySphere SpatiallyLoaded:0 Bounds:IsValid=true, Min=(X=-1638400.000 Y=-1638400.000 Z=-1638400.000), Max=(X=1638400.000 Y=1638400.000 Z=1638400.000) RuntimeGrid:None EditorOnly:0 RuntimeOnly:0 HLODRelevant:1 FolderPath:Lighting FolderGuid:0BA5F0A04EADB18E70D5B180D08FA34B
 |   |   |- Guid:C22CE07C4B87D685137FDBBC10FC92C6 BaseClass: NativeClass:/Script/Engine.SkyAtmosphere Name:SkyAtmosphere_0 Label:SkyAtmosphere SpatiallyLoaded:0 Bounds:IsValid=true, Min=(X=0.000 Y=0.000 Z=1020.000), Max=(X=0.000 Y=0.000 Z=1020.000) RuntimeGrid:None EditorOnly:0 RuntimeOnly:0 HLODRelevant:0 FolderPath:Lighting FolderGuid:0BA5F0A04EADB18E70D5B180D08FA34B
 |   |   |- Guid:CE8D82634660FCDB3120E2B8D547C533 BaseClass: NativeClass:/Script/Engine.PostProcessVolume Name:PostProcessVolume_0 Label:PostProcessVolume SpatiallyLoaded:0 Bounds:IsValid=true, Min=(X=0.000 Y=0.000 Z=400.000), Max=(X=200.000 Y=200.000 Z=600.000) RuntimeGrid:None EditorOnly:0 RuntimeOnly:0 HLODRelevant:0 FolderPath:Lighting FolderGuid:0BA5F0A04EADB18E70D5B180D08FA34B
 |   |   |- Guid:E5320C1B4FD9764CE7B54D8487AEC613 BaseClass: NativeClass:/Script/Engine.SkyLight Name:SkyLight_0 Label:SkyLight SpatiallyLoaded:0 Bounds:IsValid=true, Min=(X=0.000 Y=0.000 Z=690.000), Max=(X=0.000 Y=0.000 Z=690.000) RuntimeGrid:None EditorOnly:0 RuntimeOnly:0 HLODRelevant:0 FolderPath:Lighting FolderGuid:0BA5F0A04EADB18E70D5B180D08FA34B
 |   |   |- Guid:EB86588D48D0B0E3F611D093D755462A BaseClass: NativeClass:/Script/Engine.StaticMeshActor Name:StaticMeshActor_UAID_C4BDE57BA91B16E301_1548956748 Label:SM_Cube17 SpatiallyLoaded:1 Bounds:IsValid=true, Min=(X=1760.000 Y=780.000 Z=-20.000), Max=(X=2135.000 Y=1880.000 Z=396.080) RuntimeGrid:None EditorOnly:0 RuntimeOnly:0 HLODRelevant:1 FolderPath:Block04 FolderGuid:D00C3F324D055BED943FA6B0235C7FA2
 |   |   |- Guid:ECA8BB2044937767A1AE64BA955C4A24 BaseClass:/Game/Blueprints/Enemy/WB_Enemy.WB_Enemy_C NativeClass:/Script/Engine.Character Name:WB_Enemy_C_UAID_C4BDE57BA91B16E301_1781043752 Label:WB_Enemy SpatiallyLoaded:1 Bounds:IsValid=true, Min=(X=796.000 Y=2519.004 Z=-4.731), Max=(X=864.000 Y=2600.996 Z=200.731) RuntimeGrid:None EditorOnly:0 RuntimeOnly:0 HLODRelevant:0
 |   |   |- Guid:EE66F4454A4A9F99393F559AB739C05E BaseClass:/Game/Blueprints/Player_character/BP_Pickup_Rifle.BP_Pickup_Rifle_C NativeClass:/Script/Engine.Actor Name:BP_Rifle_C_1 Label:BP_Pickup_Rifle SpatiallyLoaded:1 Bounds:IsValid=true, Min=(X=1378.000 Y=1228.000 Z=64.000), Max=(X=1442.000 Y=1317.440 Z=128.000) RuntimeGrid:None EditorOnly:0 RuntimeOnly:0 HLODRelevant:0
 |   |   |- Guid:F07F1AF64C7C7C238EE1B4BF8C122DD8 BaseClass: NativeClass:/Script/Engine.StaticMeshActor Name:StaticMeshActor_4 Label:SM_Cube3 SpatiallyLoaded:1 Bounds:IsValid=true, Min=(X=0.000 Y=2990.000 Z=0.000), Max=(X=1250.750 Y=3090.000 Z=400.000) RuntimeGrid:None EditorOnly:0 RuntimeOnly:0 HLODRelevant:1 FolderPath:Playground FolderGuid:6C02BB504B69D1F3D7A624B130C18E5B
 |   |   |- Guid:F80621C9446867154938FE81375207DA BaseClass: NativeClass:/Script/Engine.DirectionalLight Name:DirectionalLight_1 Label:DirectionalLight SpatiallyLoaded:0 Bounds:IsValid=true, Min=(X=-4398046511104.000 Y=-4398046511104.000 Z=-4398046511104.000), Max=(X=4398046511104.000 Y=4398046511104.000 Z=4398046511104.000) RuntimeGrid:None EditorOnly:0 RuntimeOnly:0 HLODRelevant:0 FolderPath:Lighting FolderGuid:0BA5F0A04EADB18E70D5B180D08FA34B
 |   |   |- Guid:F8AEE5FB4E50B7B46A98BF9EE7A6E76C BaseClass:/Game/Blueprints/Enemy/WB_Enemy.WB_Enemy_C NativeClass:/Script/Engine.Character Name:WB_Enemy_C_UAID_C4BDE57BA91B16E301_1782991753 Label:WB_Enemy3 SpatiallyLoaded:1 Bounds:IsValid=true, Min=(X=706.000 Y=2869.004 Z=-4.731), Max=(X=774.000 Y=2950.996 Z=200.731) RuntimeGrid:None EditorOnly:0 RuntimeOnly:0 HLODRelevant:0
 |   |- [+] Clusters:
 |   |   |- [+] [  0]
 |   |   |   |- Guid:8559D1384B14F466E8927697A36C1D78 BaseClass: NativeClass:/Script/Engine.StaticMeshActor Name:StaticMeshActor_9 Label:SM_Cube5 SpatiallyLoaded:1 Bounds:IsValid=true, Min=(X=-0.000 Y=800.000 Z=0.000), Max=(X=100.000 Y=3092.529 Z=400.000) RuntimeGrid:None EditorOnly:0 RuntimeOnly:0 HLODRelevant:1 FolderPath:Playground FolderGuid:6C02BB504B69D1F3D7A624B130C18E5B
 |   |   |- [+] [  1]
 |   |   |   |- Guid:0EDB289B45CB7E0977A6DBA74201EE76 BaseClass: NativeClass:/Script/Engine.StaticMeshActor Name:StaticMeshActor_10 Label:SM_Cube6 SpatiallyLoaded:1 Bounds:IsValid=true, Min=(X=2870.000 Y=1880.000 Z=0.000), Max=(X=2970.000 Y=3074.092 Z=400.000) RuntimeGrid:None EditorOnly:0 RuntimeOnly:0 HLODRelevant:1 FolderPath:Playground FolderGuid:6C02BB504B69D1F3D7A624B130C18E5B
 |   |   |- [+] [  2]
 |   |   |   |- Guid:91C63FB14CD98AB7B8FBF4873FDE4B43 BaseClass: NativeClass:/Script/Engine.StaticMeshActor Name:StaticMeshActor_42 Label:SM_Ramp5 SpatiallyLoaded:1 Bounds:IsValid=true, Min=(X=1800.000 Y=1900.000 Z=0.000), Max=(X=2900.000 Y=2000.000 Z=200.000) RuntimeGrid:None EditorOnly:0 RuntimeOnly:0 HLODRelevant:1 FolderPath:Block02 FolderGuid:275232DB4A90E8B2799B29BD69C59B9E
 |   |   |- [+] [  3]
 |   |   |   |- Guid:78CAF7514C7533F30BD2F19A017AAB65 BaseClass: NativeClass:/Script/Engine.StaticMeshActor Name:StaticMeshActor_0 Label:SM_Cube SpatiallyLoaded:1 Bounds:IsValid=true, Min=(X=0.000 Y=800.000 Z=-50.000), Max=(X=1760.717 Y=3088.393 Z=0.000) RuntimeGrid:None EditorOnly:0 RuntimeOnly:0 HLODRelevant:1 FolderPath:Playground FolderGuid:6C02BB504B69D1F3D7A624B130C18E5B
 |   |   |- [+] [  4]
 |   |   |   |- Guid:7D14F24C4FEAC8F36E0D7CA69CA680FF BaseClass: NativeClass:/Script/Engine.StaticMeshActor Name:StaticMeshActor_UAID_C4BDE57BA91B16E301_1243820743 Label:SM_Cube4 SpatiallyLoaded:1 Bounds:IsValid=true, Min=(X=1750.000 Y=2990.000 Z=0.000), Max=(X=3000.750 Y=3090.000 Z=400.000) RuntimeGrid:None EditorOnly:0 RuntimeOnly:0 HLODRelevant:1 FolderPath:Playground FolderGuid:6C02BB504B69D1F3D7A624B130C18E5B
 |   |   |- [+] [  5]
 |   |   |   |- Guid:46886B934917CF52BE5E9BA9E39FBD59 BaseClass: NativeClass:/Script/Engine.StaticMeshActor Name:StaticMeshActor_UAID_C4BDE57BA91B16E301_1467618745 Label:Box SpatiallyLoaded:1 Bounds:IsValid=true, Min=(X=1452.747 Y=3972.747 Z=42.759), Max=(X=1667.253 Y=4187.253 Z=109.909) RuntimeGrid:None EditorOnly:0 RuntimeOnly:0 HLODRelevant:0
 |   |   |- [+] [  6]
 |   |   |   |- Guid:ECA8BB2044937767A1AE64BA955C4A24 BaseClass:/Game/Blueprints/Enemy/WB_Enemy.WB_Enemy_C NativeClass:/Script/Engine.Character Name:WB_Enemy_C_UAID_C4BDE57BA91B16E301_1781043752 Label:WB_Enemy SpatiallyLoaded:1 Bounds:IsValid=true, Min=(X=796.000 Y=2519.004 Z=-4.731), Max=(X=864.000 Y=2600.996 Z=200.731) RuntimeGrid:None EditorOnly:0 RuntimeOnly:0 HLODRelevant:0
 |   |   |- [+] [  7]
 |   |   |   |- Guid:CE8D82634660FCDB3120E2B8D547C533 BaseClass: NativeClass:/Script/Engine.PostProcessVolume Name:PostProcessVolume_0 Label:PostProcessVolume SpatiallyLoaded:0 Bounds:IsValid=true, Min=(X=0.000 Y=0.000 Z=400.000), Max=(X=200.000 Y=200.000 Z=600.000) RuntimeGrid:None EditorOnly:0 RuntimeOnly:0 HLODRelevant:0 FolderPath:Lighting FolderGuid:0BA5F0A04EADB18E70D5B180D08FA34B
 |   |   |- [+] [  8]
 |   |   |   |- Guid:3BCC3F104D619EEDA2CA50A154624005 BaseClass:/Game/Blueprints/Enemy/WB_Enemy.WB_Enemy_C NativeClass:/Script/Engine.Character Name:WB_Enemy_C_UAID_C4BDE57BA91B16E301_1792758755 Label:WB_Enemy5 SpatiallyLoaded:1 Bounds:IsValid=true, Min=(X=2326.000 Y=2529.004 Z=-4.731), Max=(X=2394.000 Y=2610.996 Z=200.731) RuntimeGrid:None EditorOnly:0 RuntimeOnly:0 HLODRelevant:0
 |   |   |- [+] [  9]
 |   |   |   |- Guid:1D0BE2B945F894A9B23300AA9C174801 BaseClass:/Game/Blueprints/Enemy/WB_Enemy.WB_Enemy_C NativeClass:/Script/Engine.Character Name:WB_Enemy_C_UAID_C4BDE57BA91B72DB01_1693880488 Label:WB_Enemy2 SpatiallyLoaded:1 Bounds:IsValid=true, Min=(X=2236.000 Y=699.004 Z=195.269), Max=(X=2304.000 Y=780.996 Z=400.731) RuntimeGrid:None EditorOnly:0 RuntimeOnly:0 HLODRelevant:0
 |   |   |- [+] [ 10]
 |   |   |   |- Guid:C22CE07C4B87D685137FDBBC10FC92C6 BaseClass: NativeClass:/Script/Engine.SkyAtmosphere Name:SkyAtmosphere_0 Label:SkyAtmosphere SpatiallyLoaded:0 Bounds:IsValid=true, Min=(X=0.000 Y=0.000 Z=1020.000), Max=(X=0.000 Y=0.000 Z=1020.000) RuntimeGrid:None EditorOnly:0 RuntimeOnly:0 HLODRelevant:0 FolderPath:Lighting FolderGuid:0BA5F0A04EADB18E70D5B180D08FA34B
 |   |   |- [+] [ 11]
 |   |   |   |- Guid:6066CE7A4E891B3F98E2B5B1E66EE1E1 BaseClass:/Game/Blueprints/Map_Related/WB_WallTrap.WB_WallTrap_C NativeClass:/Script/Engine.Actor Name:WB_door_C_UAID_C4BDE57BA91B6EDC01_1606888840 Label:WB_door2 SpatiallyLoaded:1 Bounds:IsValid=true, Min=(X=1156.000 Y=1614.000 Z=19.429), Max=(X=1844.000 Y=2126.000 Z=220.571) RuntimeGrid:None EditorOnly:0 RuntimeOnly:0 HLODRelevant:0
 |   |   |- [+] [ 12]
 |   |   |   |- Guid:0F8AC5CA4D77BAF0E868DE9C7C6FF84A BaseClass: NativeClass:/Script/Engine.StaticMeshActor Name:StaticMeshActor_UAID_C4BDE57BA91B16E301_1514541747 Label:Box3 SpatiallyLoaded:1 Bounds:IsValid=true, Min=(X=1222.747 Y=4352.747 Z=390.000), Max=(X=1437.253 Y=4567.253 Z=457.151) RuntimeGrid:None EditorOnly:0 RuntimeOnly:0 HLODRelevant:0
 |   |   |- [+] [ 13]
 |   |   |   |- Guid:5434A0A64F2868FB4FBC9F8555F23DA0 BaseClass:/Game/Blueprints/Enemy/WB_Enemy.WB_Enemy_C NativeClass:/Script/Engine.Character Name:WB_Enemy_C_UAID_C4BDE57BA91B16E301_1787121754 Label:WB_Enemy4 SpatiallyLoaded:1 Bounds:IsValid=true, Min=(X=2326.000 Y=2909.004 Z=-4.731), Max=(X=2394.000 Y=2990.996 Z=200.731) RuntimeGrid:None EditorOnly:0 RuntimeOnly:0 HLODRelevant:0
 |   |   |- [+] [ 14]
 |   |   |   |- Guid:C0C56B9644AE3D40CAFF6A878DB29844 BaseClass: NativeClass:/Script/Engine.StaticMeshActor Name:StaticMeshActor_UAID_A4AE111137DC5EFB00_2001720423 Label:SM_SkySphere SpatiallyLoaded:0 Bounds:IsValid=true, Min=(X=-1638400.000 Y=-1638400.000 Z=-1638400.000), Max=(X=1638400.000 Y=1638400.000 Z=1638400.000) RuntimeGrid:None EditorOnly:0 RuntimeOnly:0 HLODRelevant:1 FolderPath:Lighting FolderGuid:0BA5F0A04EADB18E70D5B180D08FA34B
 |   |   |- [+] [ 15]
 |   |   |   |- Guid:6FEFB3BD4EB37B849EF0D4AC80F83855 BaseClass: NativeClass:/Script/Engine.WorldDataLayers Name:WorldDataLayers Label:WorldDataLayers SpatiallyLoaded:0 Bounds:IsValid=true, Min=(X=0.000 Y=0.000 Z=0.000), Max=(X=0.000 Y=0.000 Z=0.000) RuntimeGrid:None EditorOnly:0 RuntimeOnly:0 HLODRelevant:0
 |   |   |- [+] [ 16]
 |   |   |   |- Guid:9C6472824F11E839C21613A6348BAAC1 BaseClass: NativeClass:/Script/Engine.StaticMeshActor Name:StaticMeshActor_UAID_C4BDE57BA91B75DC01_1566161074 Label:SM_Cube16 SpatiallyLoaded:1 Bounds:IsValid=true, Min=(X=1760.000 Y=1880.000 Z=-20.000), Max=(X=2912.276 Y=2255.000 Z=396.080) RuntimeGrid:None EditorOnly:0 RuntimeOnly:0 HLODRelevant:1 FolderPath:Block04 FolderGuid:D00C3F324D055BED943FA6B0235C7FA2
 |   |   |- [+] [ 17]
 |   |   |   |- Guid:F80621C9446867154938FE81375207DA BaseClass: NativeClass:/Script/Engine.DirectionalLight Name:DirectionalLight_1 Label:DirectionalLight SpatiallyLoaded:0 Bounds:IsValid=true, Min=(X=-4398046511104.000 Y=-4398046511104.000 Z=-4398046511104.000), Max=(X=4398046511104.000 Y=4398046511104.000 Z=4398046511104.000) RuntimeGrid:None EditorOnly:0 RuntimeOnly:0 HLODRelevant:0 FolderPath:Lighting FolderGuid:0BA5F0A04EADB18E70D5B180D08FA34B
 |   |   |- [+] [ 18]
 |   |   |   |- Guid:5FE7584649BB6F09265329A6C57CFD0D BaseClass: NativeClass:/Script/Engine.VolumetricCloud Name:VolumetricCloud_0 Label:VolumetricCloud SpatiallyLoaded:0 Bounds:IsValid=true, Min=(X=0.000 Y=0.000 Z=820.000), Max=(X=0.000 Y=0.000 Z=820.000) RuntimeGrid:None EditorOnly:0 RuntimeOnly:0 HLODRelevant:0 FolderPath:Lighting FolderGuid:0BA5F0A04EADB18E70D5B180D08FA34B
 |   |   |- [+] [ 19]
 |   |   |   |- Guid:8382DF344E20E0A6DB513CADFADFE8A9 BaseClass: NativeClass:/Script/Engine.StaticMeshActor Name:StaticMeshActor_UAID_C4BDE57BA91B16E301_1477272746 Label:Box2 SpatiallyLoaded:1 Bounds:IsValid=true, Min=(X=1682.747 Y=4622.747 Z=197.390), Max=(X=1897.253 Y=4837.253 Z=264.541) RuntimeGrid:None EditorOnly:0 RuntimeOnly:0 HLODRelevant:0
 |   |   |- [+] [ 20]
 |   |   |   |- Guid:6BB9B3AF4760CFA1E21653A2C5D2971A BaseClass: NativeClass:/Script/Engine.StaticMeshActor Name:StaticMeshActor_UAID_C4BDE57BA91B16E301_2055153758 Label:Box4 SpatiallyLoaded:1 Bounds:IsValid=true, Min=(X=1382.747 Y=3087.263 Z=-50.000), Max=(X=1597.253 Y=3512.737 Z=-1.244) RuntimeGrid:None EditorOnly:0 RuntimeOnly:0 HLODRelevant:0
 |   |   |- [+] [ 21]
 |   |   |   |- Guid:90B7B8D3420C2EABA931D3A6A69DF696 BaseClass: NativeClass:/Script/Engine.StaticMeshActor Name:StaticMeshActor_3 Label:SM_Cube2 SpatiallyLoaded:1 Bounds:IsValid=true, Min=(X=0.000 Y=730.000 Z=0.000), Max=(X=2151.515 Y=830.000 Z=400.000) RuntimeGrid:None EditorOnly:0 RuntimeOnly:0 HLODRelevant:1 FolderPath:Playground FolderGuid:6C02BB504B69D1F3D7A624B130C18E5B
 |   |   |- [+] [ 22]
 |   |   |   |- Guid:61391D344900612A77DFC3BA3E354907 BaseClass: NativeClass:/Script/Engine.ExponentialHeightFog Name:ExponentialHeightFog_0 Label:ExponentialHeightFog SpatiallyLoaded:0 Bounds:IsValid=true, Min=(X=-5600.000 Y=-50.000 Z=-6850.000), Max=(X=-5600.000 Y=-50.000 Z=-6850.000) RuntimeGrid:None EditorOnly:0 RuntimeOnly:0 HLODRelevant:0 FolderPath:Lighting FolderGuid:0BA5F0A04EADB18E70D5B180D08FA34B
 |   |   |- [+] [ 23]
 |   |   |   |- Guid:82636DFB499224D215E466A53C353A57 BaseClass: NativeClass:/Script/Engine.StaticMeshActor Name:StaticMeshActor_12 Label:SM_Cube8 SpatiallyLoaded:1 Bounds:IsValid=true, Min=(X=100.000 Y=1580.000 Z=0.000), Max=(X=1233.988 Y=2154.670 Z=416.080) RuntimeGrid:None EditorOnly:0 RuntimeOnly:0 HLODRelevant:1 FolderPath:Block04 FolderGuid:D00C3F324D055BED943FA6B0235C7FA2
 |   |   |- [+] [ 24]
 |   |   |   |- Guid:F8AEE5FB4E50B7B46A98BF9EE7A6E76C BaseClass:/Game/Blueprints/Enemy/WB_Enemy.WB_Enemy_C NativeClass:/Script/Engine.Character Name:WB_Enemy_C_UAID_C4BDE57BA91B16E301_1782991753 Label:WB_Enemy3 SpatiallyLoaded:1 Bounds:IsValid=true, Min=(X=706.000 Y=2869.004 Z=-4.731), Max=(X=774.000 Y=2950.996 Z=200.731) RuntimeGrid:None EditorOnly:0 RuntimeOnly:0 HLODRelevant:0
 |   |   |- [+] [ 25]
 |   |   |   |- Guid:E5320C1B4FD9764CE7B54D8487AEC613 BaseClass: NativeClass:/Script/Engine.SkyLight Name:SkyLight_0 Label:SkyLight SpatiallyLoaded:0 Bounds:IsValid=true, Min=(X=0.000 Y=0.000 Z=690.000), Max=(X=0.000 Y=0.000 Z=690.000) RuntimeGrid:None EditorOnly:0 RuntimeOnly:0 HLODRelevant:0 FolderPath:Lighting FolderGuid:0BA5F0A04EADB18E70D5B180D08FA34B
 |   |   |- [+] [ 26]
 |   |   |   |- Guid:77B5C2664FBD41A0FE25CDB118AD3365 BaseClass: NativeClass:/Script/Engine.StaticMeshActor Name:StaticMeshActor_UAID_C4BDE57BA91B16E301_1848931757 Label:Cylinder2 SpatiallyLoaded:1 Bounds:IsValid=true, Min=(X=1836.803 Y=2556.803 Z=0.000), Max=(X=2003.197 Y=2723.197 Z=434.983) RuntimeGrid:None EditorOnly:0 RuntimeOnly:0 HLODRelevant:0
 |   |   |- [+] [ 27]
 |   |   |   |- Guid:F07F1AF64C7C7C238EE1B4BF8C122DD8 BaseClass: NativeClass:/Script/Engine.StaticMeshActor Name:StaticMeshActor_4 Label:SM_Cube3 SpatiallyLoaded:1 Bounds:IsValid=true, Min=(X=0.000 Y=2990.000 Z=0.000), Max=(X=1250.750 Y=3090.000 Z=400.000) RuntimeGrid:None EditorOnly:0 RuntimeOnly:0 HLODRelevant:1 FolderPath:Playground FolderGuid:6C02BB504B69D1F3D7A624B130C18E5B
 |   |   |- [+] [ 28]
 |   |   |   |- Guid:EE66F4454A4A9F99393F559AB739C05E BaseClass:/Game/Blueprints/Player_character/BP_Pickup_Rifle.BP_Pickup_Rifle_C NativeClass:/Script/Engine.Actor Name:BP_Rifle_C_1 Label:BP_Pickup_Rifle SpatiallyLoaded:1 Bounds:IsValid=true, Min=(X=1378.000 Y=1228.000 Z=64.000), Max=(X=1442.000 Y=1317.440 Z=128.000) RuntimeGrid:None EditorOnly:0 RuntimeOnly:0 HLODRelevant:0
 |   |   |- [+] [ 29]
 |   |   |   |- Guid:A354B1B24E617A525DC6B48CCDE2417E BaseClass: NativeClass:/Script/Engine.PlayerStart Name:PlayerStart_0 Label:PlayerStart SpatiallyLoaded:0 Bounds:IsValid=true, Min=(X=510.000 Y=1190.000 Z=0.013), Max=(X=590.000 Y=1270.000 Z=184.013) RuntimeGrid:None EditorOnly:0 RuntimeOnly:0 HLODRelevant:0
 |   |   |- [+] [ 30]
 |   |   |   |- Guid:EB86588D48D0B0E3F611D093D755462A BaseClass: NativeClass:/Script/Engine.StaticMeshActor Name:StaticMeshActor_UAID_C4BDE57BA91B16E301_1548956748 Label:SM_Cube17 SpatiallyLoaded:1 Bounds:IsValid=true, Min=(X=1760.000 Y=780.000 Z=-20.000), Max=(X=2135.000 Y=1880.000 Z=396.080) RuntimeGrid:None EditorOnly:0 RuntimeOnly:0 HLODRelevant:1 FolderPath:Block04 FolderGuid:D00C3F324D055BED943FA6B0235C7FA2
 |   |   |- [+] [ 31]
 |   |   |   |- Guid:2631472D468D1122D9410E8253FD2F41 BaseClass: NativeClass:/Script/Engine.StaticMeshActor Name:StaticMeshActor_UAID_C4BDE57BA91B16E301_1568141749 Label:SM_Cube7 SpatiallyLoaded:1 Bounds:IsValid=true, Min=(X=1750.000 Y=2170.000 Z=-50.000), Max=(X=2935.827 Y=3078.307 Z=0.000) RuntimeGrid:None EditorOnly:0 RuntimeOnly:0 HLODRelevant:1 FolderPath:Playground FolderGuid:6C02BB504B69D1F3D7A624B130C18E5B
 |   |   |- [+] [ 32]
 |   |   |   |- Guid:34CF7F3449BF8C1F14E11E865C962F48 BaseClass: NativeClass:/Script/Engine.StaticMeshActor Name:StaticMeshActor_UAID_C4BDE57BA91B1CE301_1213781815 Label:Box5 SpatiallyLoaded:1 Bounds:IsValid=true, Min=(X=622.747 Y=4352.747 Z=390.000), Max=(X=837.253 Y=4567.253 Z=457.151) RuntimeGrid:None EditorOnly:0 RuntimeOnly:0 HLODRelevant:0
 |- ContainerInstances:
 |- [+] MainContainer:
 |   |-        ID: 0x0000000000000000
 |   |-    Bounds: IsValid=false, Min=(X=0.000 Y=0.000 Z=0.000), Max=(X=0.000 Y=0.000 Z=0.000)
 |   |- Transform: 0.000000,0.000000,0.000000|0.000000,0.000000,-0.000000|1.000000,1.000000,1.000000
 |   |- Container: /Game/Blueprints/Map_Related/FirstPersonMap
----------------------------------------------------------------------------------------------------------------
FirstPersonMap - Persistent Level
----------------------------------------------------------------------------------------------------------------
Always loaded Actor Count: 40 

----------------------------------------------------------------------------------------------------------------
FirstPersonMap - Runtime Spatial Hash - Streaming Grid - MainGrid
----------------------------------------------------------------------------------------------------------------
            Origin: X=0.000 Y=0.000 Z=0.000
         Cell Size: 12800
      World Bounds: IsValid=false, Min=(X=0.000 Y=0.000 Z=0.000), Max=(X=0.000 Y=0.000 Z=0.000)
     Loading Range: 25600.00
Block Slow Loading: No
 ClientOnlyVisible: No

[+] Grid Levels: 1
 |- Level  0: Cell Count    0 | Cell Size   12800 | Actor Count    0 (0.0%)

[+] Content of Grid Level 0

